[handleMsg]:  {
  key: {
    remoteJid: '5493364519629@s.whatsapp.net',
    fromMe: false,
    id: '3EB0EC80E7039557D8E407',
    participant: undefined
  },
  messageTimestamp: 1733166404,
  pushName: 'Hernan',
  broadcast: false,
  message: Message {
    conversation: 'hola',
    messageContextInfo: MessageContextInfo {
      deviceListMetadata: [DeviceListMetadata],
      deviceListMetadataVersion: 2,
      messageSecret: [Uint8Array]
    }
  },
  body: 'hola',
  from: '5493364519629'
}
[QUEUE_SE_ENVIO]:  {
  ref: 'ans_ca18f686-e4cc-44df-ba50-07e131d0edaf',
  keyword: 'key_96b43fb2-f5df-4070-b451-ba967fad1475',
  answer: '__call_action__',
  options: {
    media: null,
    buttons: [],
    capture: false,
    child: null,
    delay: 0,
    idle: null,
    ref: null,
    nested: [],
    keyword: {},
    callback: true
  },
  refSerialize: '3292f55cd17cae0bc38098c0dee07c01'
}
