5493364519629:ENCOLADO ans_b46f6e7f-52b0-44eb-9145-c92bd6292c2a
EJECUTANDO:ans_b46f6e7f-52b0-44eb-9145-c92bd6292c2a
5493364519629:SUCCESS
5493364519629:ENCOLADO ans_672b4e8c-859a-44b4-90ba-fdaf80f4790e
EJECUTANDO:ans_672b4e8c-859a-44b4-90ba-fdaf80f4790e
5493364519629:SUCCESS
5493364519629:ENCOLADO ans_8a1a6d37-f53b-448f-91d1-aa3746311fd3
EJECUTANDO:ans_8a1a6d37-f53b-448f-91d1-aa3746311fd3
5493364519629:SUCCESS
5493364519629:ENCOLADO ans_17c04828-7067-45cb-bcc7-e51c67163510
EJECUTANDO:ans_17c04828-7067-45cb-bcc7-e51c67163510
5493364519629:SUCCESS
5493364519629:ENCOLADO ans_61160c1d-597e-4bc5-b9f8-707a06696892
EJECUTANDO:ans_61160c1d-597e-4bc5-b9f8-707a06696892
5493364519629:SUCCESS
5493364519629:ENCOLADO ans_699ba8e1-9ca4-43fe-876a-385545c6efbc
EJECUTANDO:ans_699ba8e1-9ca4-43fe-876a-385545c6efbc
5493364519629:SUCCESS
5493364519629:ENCOLADO ans_f885d31d-3f99-42f5-86f4-a4057d291931
EJECUTANDO:ans_f885d31d-3f99-42f5-86f4-a4057d291931
5493364519629:SUCCESS
5493364519629:ENCOLADO ans_b46f6e7f-52b0-44eb-9145-c92bd6292c2a
EJECUTANDO:ans_b46f6e7f-52b0-44eb-9145-c92bd6292c2a
5493364519629:SUCCESS
5493364519629:ENCOLADO ans_815168d8-9c24-4c71-9602-c405bb10bd9c
EJECUTANDO:ans_815168d8-9c24-4c71-9602-c405bb10bd9c
5493364519629:SUCCESS
5493364519629:ENCOLADO ans_92f40391-6df9-46df-af38-74fb0a6e4928
EJECUTANDO:ans_92f40391-6df9-46df-af38-74fb0a6e4928
5493364519629:SUCCESS
5493364519629:ENCOLADO ans_8cfbfb56-2abf-41bd-8493-da66c063abce
EJECUTANDO:ans_8cfbfb56-2abf-41bd-8493-da66c063abce
5493364519629:SUCCESS
5493364519629:ENCOLADO ans_505e669e-719a-4a66-8d04-a004d69bda6f
EJECUTANDO:ans_505e669e-719a-4a66-8d04-a004d69bda6f
5493364519629:SUCCESS
5493364519629:ENCOLADO ans_bae12185-61bc-4ddf-a5d1-2d4e2ae0d0d7
EJECUTANDO:ans_bae12185-61bc-4ddf-a5d1-2d4e2ae0d0d7
5493364519629:SUCCESS
5493364519629:ENCOLADO ans_01f7be5f-6ff8-425c-a703-ba8fdcf17611
EJECUTANDO:ans_01f7be5f-6ff8-425c-a703-ba8fdcf17611
5493364519629:SUCCESS
5493364519629:ENCOLADO ans_b46f6e7f-52b0-44eb-9145-c92bd6292c2a
EJECUTANDO:ans_b46f6e7f-52b0-44eb-9145-c92bd6292c2a
5493364519629:SUCCESS
5493364519629:ENCOLADO ans_5ab5450c-e430-424c-abb4-95854531010b
EJECUTANDO:ans_5ab5450c-e430-424c-abb4-95854531010b
5493364519629:SUCCESS
5493364519629:ENCOLADO ans_0ccdaae7-643c-41a6-b648-a406c5a5af2b
EJECUTANDO:ans_0ccdaae7-643c-41a6-b648-a406c5a5af2b
5493364519629:SUCCESS
5493364519629:ENCOLADO ans_4d7caee4-a78d-4a6b-82a8-0a41df14c078
EJECUTANDO:ans_4d7caee4-a78d-4a6b-82a8-0a41df14c078
5493364519629:SUCCESS
5493364519629:ENCOLADO ans_b46f6e7f-52b0-44eb-9145-c92bd6292c2a
EJECUTANDO:ans_b46f6e7f-52b0-44eb-9145-c92bd6292c2a
5493364519629:SUCCESS
5493364519629:ENCOLADO ans_7b0f9d1e-0fda-4f51-8f80-10b29657b2b4
EJECUTANDO:ans_7b0f9d1e-0fda-4f51-8f80-10b29657b2b4
5493364519629:SUCCESS
5493364519629:ENCOLADO ans_53bffd93-85d3-4758-9be0-a3795110c539
EJECUTANDO:ans_53bffd93-85d3-4758-9be0-a3795110c539
5493364519629:SUCCESS
5493364519629:ENCOLADO ans_b9428fce-e3f9-4a11-b7c2-71025869d669
EJECUTANDO:ans_b9428fce-e3f9-4a11-b7c2-71025869d669
5493364519629:SUCCESS
5493364519629:ENCOLADO ans_aea4eea1-691f-46e8-b68b-e9bd56585ea4
EJECUTANDO:ans_aea4eea1-691f-46e8-b68b-e9bd56585ea4
5493364519629:SUCCESS
5493364519629:ENCOLADO ans_0ea56386-0fb5-4ee7-a770-e1104ef6f58e
EJECUTANDO:ans_0ea56386-0fb5-4ee7-a770-e1104ef6f58e
5493364519629:SUCCESS
5493364519629:ENCOLADO ans_b46f6e7f-52b0-44eb-9145-c92bd6292c2a
EJECUTANDO:ans_b46f6e7f-52b0-44eb-9145-c92bd6292c2a
5493364519629:SUCCESS
5493364519629:ENCOLADO ans_d7e3375e-57c1-4239-bd9e-9c84ed925f15
EJECUTANDO:ans_d7e3375e-57c1-4239-bd9e-9c84ed925f15
5493364519629:SUCCESS
5493364519629:ENCOLADO ans_ec776e5e-6fd5-43e7-b9c8-e8dfc1266814
EJECUTANDO:ans_ec776e5e-6fd5-43e7-b9c8-e8dfc1266814
5493364519629:SUCCESS
5493364519629:ENCOLADO ans_acefcfbe-7b98-41fb-b559-18fdff94c28f
EJECUTANDO:ans_acefcfbe-7b98-41fb-b559-18fdff94c28f
5493364519629:SUCCESS
5493364519629:ENCOLADO ans_b46f6e7f-52b0-44eb-9145-c92bd6292c2a
EJECUTANDO:ans_b46f6e7f-52b0-44eb-9145-c92bd6292c2a
5493364519629:SUCCESS
5493364519629:ENCOLADO ans_06d719ac-5538-4778-b1e7-65e9d12397be
EJECUTANDO:ans_06d719ac-5538-4778-b1e7-65e9d12397be
5493364519629:SUCCESS
5493364519629:ENCOLADO ans_ab15fbfe-afa4-47c2-a43f-c1d85225a951
EJECUTANDO:ans_ab15fbfe-afa4-47c2-a43f-c1d85225a951
5493364519629:SUCCESS
5493364519629:ENCOLADO ans_14f826a8-5157-425d-9636-fefe30f5d36a
EJECUTANDO:ans_14f826a8-5157-425d-9636-fefe30f5d36a
5493364519629:SUCCESS
5493364519629:ENCOLADO ans_a0915d88-7aba-43a5-895a-99ee4d2843eb
EJECUTANDO:ans_a0915d88-7aba-43a5-895a-99ee4d2843eb
5493364519629:SUCCESS
5493364519629:ENCOLADO ans_9ce74db4-0ed8-4aba-958d-d6eaf5002d32
EJECUTANDO:ans_9ce74db4-0ed8-4aba-958d-d6eaf5002d32
5493364519629:SUCCESS
5493364519629:ENCOLADO ans_ff47d919-f7f7-4d1d-a785-56daa34c8f4e
EJECUTANDO:ans_ff47d919-f7f7-4d1d-a785-56daa34c8f4e
5493364519629:SUCCESS
5493364519629:ENCOLADO ans_b46f6e7f-52b0-44eb-9145-c92bd6292c2a
EJECUTANDO:ans_b46f6e7f-52b0-44eb-9145-c92bd6292c2a
5493364519629:SUCCESS
